<?xml version="1.0" encoding="UTF-8"?>
<testsuites name="Score Computing" time="273" tests="3" failures="0" errors="0">
   <testsuite name="Score Computing" tests="3" failures="0" errors="0" time="273" timestamp="2019-04-17 16:43:33" hostname="vivek.jaiswal - mum-lap-389.global.internal" id="Test Suites/Score Computing">
      <properties>
         <property name="deviceName" value=""/>
         <property name="devicePlatform" value=""/>
         <property name="logFolder" value="E:\\Katalon Studio\\BMJ Cases\\Reports\\Score Computing\\20190417_164327"/>
         <property name="logFiles" value="E:\\Katalon Studio\\BMJ Cases\\Reports\\Score Computing\\20190417_164327\\execution0.log"/>
         <property name="attachments" value=""/>
         <property name="hostName" value="vivek.jaiswal - mum-lap-389.global.internal"/>
         <property name="os" value="Windows 7 64bit"/>
         <property name="katalonVersion" value="5.10.1.1"/>
         <property name="browser" value="Chrome 73.0.3683.103"/>
         <property name="hostAddress" value="192.168.1.100"/>
         <property name="sessionId" value="70daf99ce1d21b9f1a174598c4656d3d"/>
         <property name="seleniumVersion" value="3.7.1"/>
         <property name="proxyInformation" value="ProxyInformation{proxyOption=USE_SYSTEM, proxyServerType=HTTP, password=, proxyServerAddress=, proxyServerPort=0}"/>
         <property name="platform" value="Windows 7"/>
      </properties>
      <testcase name="Test Cases/Reset Scores" classname="Test Cases/Reset Scores" status="PASSED">
         <system-out><![CDATA[2019-04-17 16:43:34 - [TEST_CASE][PASSED] - Test Cases/Reset Scores: Test Cases/Reset Scores

2019-04-17 16:43:36 - [TEST_STEP][PASSED] - openBrowser("https://testcontrol.onexamination.com/Support/Default.aspx"): Browser is opened with url: 'https://testcontrol.onexamination.com/Support/Default.aspx'

2019-04-17 16:43:37 - [MESSAGE][INFO] - Starting 'Chrome' driver

2019-04-17 16:43:37 - [MESSAGE][INFO] - Action delay is set to 0 seconds

2019-04-17 16:43:51 - [MESSAGE][PASSED] - Browser is opened with url: 'https://testcontrol.onexamination.com/Support/Default.aspx'

2019-04-17 16:43:51 - [TEST_STEP][PASSED] - maximizeWindow(): Current window maximized

2019-04-17 16:43:53 - [MESSAGE][PASSED] - Current window maximized

2019-04-17 16:43:53 - [TEST_STEP][PASSED] - setText(findTestObject("Page_Control Sign in/Alias"), "rafiqull.sheikh"): Text 'rafiqull.sheikh' is set on object 'Object Repository/Page_Control Sign in/Alias'

2019-04-17 16:43:54 - [MESSAGE][PASSED] - Text 'rafiqull.sheikh' is set on object 'Object Repository/Page_Control Sign in/Alias'

2019-04-17 16:43:54 - [TEST_STEP][PASSED] - setText(findTestObject("Page_Control Sign in/Password"), "R@ve1234"): Text 'R@ve1234' is set on object 'Object Repository/Page_Control Sign in/Password'

2019-04-17 16:43:55 - [MESSAGE][PASSED] - Text 'R@ve1234' is set on object 'Object Repository/Page_Control Sign in/Password'

2019-04-17 16:43:55 - [TEST_STEP][PASSED] - click(findTestObject("Page_Control Sign in/Sign In")): Object: 'Object Repository/Page_Control Sign in/Sign In' is clicked on

2019-04-17 16:43:58 - [MESSAGE][PASSED] - Object: 'Object Repository/Page_Control Sign in/Sign In' is clicked on

2019-04-17 16:43:58 - [TEST_STEP][PASSED] - delay(3): Delayed 3 second(s)

2019-04-17 16:44:01 - [MESSAGE][PASSED] - Delayed 3 second(s)

2019-04-17 16:44:01 - [TEST_STEP][PASSED] - verifyTextPresent("Help centre", false): Text 'Help centre' is present on page 

2019-04-17 16:44:01 - [MESSAGE][PASSED] - Text 'Help centre' is present on page 

2019-04-17 16:44:01 - [TEST_STEP][PASSED] - verifyTextPresent("New requests", false): Text 'New requests' is present on page 

2019-04-17 16:44:02 - [MESSAGE][PASSED] - Text 'New requests' is present on page 

2019-04-17 16:44:02 - [TEST_STEP][PASSED] - click(findTestObject("Page_Control Exam calendar/a_Users")): Object: 'Object Repository/Page_Control Exam calendar/a_Users' is clicked on

2019-04-17 16:44:03 - [MESSAGE][PASSED] - Object: 'Object Repository/Page_Control Exam calendar/a_Users' is clicked on

2019-04-17 16:44:03 - [TEST_STEP][PASSED] - verifyTextPresent("Manage users", false): Text 'Manage users' is present on page 

2019-04-17 16:44:03 - [MESSAGE][PASSED] - Text 'Manage users' is present on page 

2019-04-17 16:44:03 - [TEST_STEP][PASSED] - verifyTextPresent("Search for a user", false): Text 'Search for a user' is present on page 

2019-04-17 16:44:04 - [MESSAGE][PASSED] - Text 'Search for a user' is present on page 

2019-04-17 16:44:04 - [TEST_STEP][PASSED] - setText(findTestObject("Page_Control Manage users/Email Address"), "testautomation@gmail.com"): Text 'testautomation@gmail.com' is set on object 'Object Repository/Page_Control Manage users/Email Address'

2019-04-17 16:44:04 - [MESSAGE][PASSED] - Text 'testautomation@gmail.com' is set on object 'Object Repository/Page_Control Manage users/Email Address'

2019-04-17 16:44:04 - [TEST_STEP][PASSED] - click(findTestObject("Page_Control Manage users/Search Button")): Object: 'Object Repository/Page_Control Manage users/Search Button' is clicked on

2019-04-17 16:44:06 - [MESSAGE][PASSED] - Object: 'Object Repository/Page_Control Manage users/Search Button' is clicked on

2019-04-17 16:44:06 - [TEST_STEP][PASSED] - delay(5): Delayed 5 second(s)

2019-04-17 16:44:11 - [MESSAGE][PASSED] - Delayed 5 second(s)

2019-04-17 16:44:11 - [TEST_STEP][PASSED] - click(findTestObject("Page_Control Manage users/a_Edit exams")): Object: 'Object Repository/Page_Control Manage users/a_Edit exams' is clicked on

2019-04-17 16:44:11 - [MESSAGE][PASSED] - Object: 'Object Repository/Page_Control Manage users/a_Edit exams' is clicked on

2019-04-17 16:44:11 - [TEST_STEP][PASSED] - delay(2): Delayed 2 second(s)

2019-04-17 16:44:13 - [MESSAGE][PASSED] - Delayed 2 second(s)

2019-04-17 16:44:13 - [TEST_STEP][PASSED] - click(findTestObject("Page_Control Manage users/Vivek.Jaiswal_UKCAT_Reset_Scores")): Object: 'Object Repository/Page_Control Manage users/Vivek.Jaiswal_UKCAT_Reset_Scores' is clicked on

2019-04-17 16:44:15 - [MESSAGE][PASSED] - Object: 'Object Repository/Page_Control Manage users/Vivek.Jaiswal_UKCAT_Reset_Scores' is clicked on

2019-04-17 16:44:15 - [TEST_STEP][PASSED] - delay(5): Delayed 5 second(s)

2019-04-17 16:44:20 - [MESSAGE][PASSED] - Delayed 5 second(s)

2019-04-17 16:44:20 - [TEST_STEP][PASSED] - click(findTestObject("Page_Control Help centre/a_Sign out")): Object: 'Object Repository/Page_Control Help centre/a_Sign out' is clicked on

2019-04-17 16:44:20 - [MESSAGE][PASSED] - Object: 'Object Repository/Page_Control Help centre/a_Sign out' is clicked on

2019-04-17 16:44:20 - [TEST_STEP][PASSED] - delay(2): Delayed 2 second(s)

2019-04-17 16:44:22 - [MESSAGE][PASSED] - Delayed 2 second(s)

2019-04-17 16:44:22 - [TEST_STEP][PASSED] - navigateToUrl("https://testmy.onexamination.com/login.aspx"): Navigate to 'https://testmy.onexamination.com/login.aspx' successfully

2019-04-17 16:44:26 - [MESSAGE][PASSED] - Navigate to 'https://testmy.onexamination.com/login.aspx' successfully

2019-04-17 16:44:26 - [TEST_STEP][PASSED] - setText(findTestObject("Page_BMJ OnExamination Sign In/input_Email address_ctl00MainC"), "testautomation@gmail.com"): Text 'testautomation@gmail.com' is set on object 'Object Repository/Page_BMJ OnExamination Sign In/input_Email address_ctl00MainC'

2019-04-17 16:44:27 - [MESSAGE][PASSED] - Text 'testautomation@gmail.com' is set on object 'Object Repository/Page_BMJ OnExamination Sign In/input_Email address_ctl00MainC'

2019-04-17 16:44:27 - [TEST_STEP][PASSED] - setText(findTestObject("Page_BMJ OnExamination Sign In/input_Password_ctl00MainConten"), "P@ssword1"): Text 'P@ssword1' is set on object 'Object Repository/Page_BMJ OnExamination Sign In/input_Password_ctl00MainConten'

2019-04-17 16:44:27 - [MESSAGE][PASSED] - Text 'P@ssword1' is set on object 'Object Repository/Page_BMJ OnExamination Sign In/input_Password_ctl00MainConten'

2019-04-17 16:44:27 - [TEST_STEP][PASSED] - click(findTestObject("Page_BMJ OnExamination Sign In/input_Please enter your passwo")): Object: 'Object Repository/Page_BMJ OnExamination Sign In/input_Please enter your passwo' is clicked on

2019-04-17 16:44:29 - [MESSAGE][PASSED] - Object: 'Object Repository/Page_BMJ OnExamination Sign In/input_Please enter your passwo' is clicked on

2019-04-17 16:44:29 - [TEST_STEP][PASSED] - delay(2): Delayed 2 second(s)

2019-04-17 16:44:31 - [MESSAGE][PASSED] - Delayed 2 second(s)

2019-04-17 16:44:31 - [TEST_STEP][PASSED] - click(findTestObject("Page_My Dashboard - BMJ OnExaminati/a_Scores")): Object: 'Object Repository/Page_My Dashboard - BMJ OnExaminati/a_Scores' is clicked on

2019-04-17 16:44:33 - [MESSAGE][PASSED] - Object: 'Object Repository/Page_My Dashboard - BMJ OnExaminati/a_Scores' is clicked on

2019-04-17 16:44:33 - [TEST_STEP][PASSED] - verifyTextPresent("Score Analysis", false): Text 'Score Analysis' is present on page 

2019-04-17 16:44:34 - [MESSAGE][PASSED] - Text 'Score Analysis' is present on page 

2019-04-17 16:44:34 - [TEST_STEP][PASSED] - verifyElementText(findTestObject("Page_Score Analysis - BMJ OnExamina/QuestionsTotal"), "185"): Actual text and expected text of test object 'Object Repository/Page_Score Analysis - BMJ OnExamina/QuestionsTotal' are matched.

2019-04-17 16:44:34 - [MESSAGE][PASSED] - Actual text and expected text of test object 'Object Repository/Page_Score Analysis - BMJ OnExamina/QuestionsTotal' are matched.

2019-04-17 16:44:34 - [TEST_STEP][PASSED] - verifyElementText(findTestObject("Page_Score Analysis - BMJ OnExamina/Mean score"), "62.2"): Actual text and expected text of test object 'Object Repository/Page_Score Analysis - BMJ OnExamina/Mean score' are matched.

2019-04-17 16:44:34 - [MESSAGE][PASSED] - Actual text and expected text of test object 'Object Repository/Page_Score Analysis - BMJ OnExamina/Mean score' are matched.

2019-04-17 16:44:34 - [TEST_STEP][PASSED] - verifyElementText(findTestObject("Page_Score Analysis - BMJ OnExamina/Current mean"), "0"): Actual text and expected text of test object 'Object Repository/Page_Score Analysis - BMJ OnExamina/Current mean' are matched.

2019-04-17 16:44:34 - [MESSAGE][PASSED] - Actual text and expected text of test object 'Object Repository/Page_Score Analysis - BMJ OnExamina/Current mean' are matched.

2019-04-17 16:44:34 - [TEST_STEP][PASSED] - verifyElementText(findTestObject("Page_Score Analysis - BMJ OnExamina/Naive mean"), "0"): Actual text and expected text of test object 'Object Repository/Page_Score Analysis - BMJ OnExamina/Naive mean' are matched.

2019-04-17 16:44:34 - [MESSAGE][PASSED] - Actual text and expected text of test object 'Object Repository/Page_Score Analysis - BMJ OnExamina/Naive mean' are matched.

2019-04-17 16:44:34 - [TEST_STEP][PASSED] - verifyElementText(findTestObject("Page_Score Analysis - BMJ OnExamina/QuestionsAnswered"), "0"): Actual text and expected text of test object 'Object Repository/Page_Score Analysis - BMJ OnExamina/QuestionsAnswered' are matched.

2019-04-17 16:44:34 - [MESSAGE][PASSED] - Actual text and expected text of test object 'Object Repository/Page_Score Analysis - BMJ OnExamina/QuestionsAnswered' are matched.

2019-04-17 16:44:34 - [TEST_STEP][PASSED] - closeBrowser(STOP_ON_FAILURE): Browser is closed

2019-04-17 16:44:36 - [MESSAGE][PASSED] - Browser is closed]]></system-out>
         <system-err><![CDATA[]]></system-err>
      </testcase>
      <testcase name="Test Cases/Question Session - DA2" classname="Test Cases/Question Session - DA2" status="PASSED">
         <system-out><![CDATA[2019-04-17 16:44:38 - [TEST_CASE][PASSED] - Test Cases/Question Session - DA2: Test Cases/Question Session - DA2

2019-04-17 16:44:39 - [TEST_STEP][PASSED] - openBrowser("https://testmy.onexamination.com/login.aspx"): Browser is opened with url: 'https://testmy.onexamination.com/login.aspx'

2019-04-17 16:44:39 - [MESSAGE][INFO] - Starting 'Chrome' driver

2019-04-17 16:44:56 - [MESSAGE][PASSED] - Browser is opened with url: 'https://testmy.onexamination.com/login.aspx'

2019-04-17 16:44:56 - [TEST_STEP][PASSED] - maximizeWindow(): Current window maximized

2019-04-17 16:44:57 - [MESSAGE][PASSED] - Current window maximized

2019-04-17 16:44:57 - [TEST_STEP][PASSED] - Height = getPageHeight(): Current page's height is 922

2019-04-17 16:44:57 - [MESSAGE][PASSED] - Current page's height is 922

2019-04-17 16:44:57 - [TEST_STEP][PASSED] - Width = getPageWidth(): Current page's width is 1349

2019-04-17 16:44:57 - [MESSAGE][PASSED] - Current page's width is 1349

2019-04-17 16:44:57 - [TEST_STEP][PASSED] - setText(findTestObject("Page_BMJ OnExamination Sign In/input_Email address_ctl00MainC"), "testautomation@gmail.com"): Text 'testautomation@gmail.com' is set on object 'Object Repository/Page_BMJ OnExamination Sign In/input_Email address_ctl00MainC'

2019-04-17 16:44:58 - [MESSAGE][PASSED] - Text 'testautomation@gmail.com' is set on object 'Object Repository/Page_BMJ OnExamination Sign In/input_Email address_ctl00MainC'

2019-04-17 16:44:58 - [TEST_STEP][PASSED] - setText(findTestObject("Page_BMJ OnExamination Sign In/input_Password_ctl00MainConten"), "P@ssword1"): Text 'P@ssword1' is set on object 'Object Repository/Page_BMJ OnExamination Sign In/input_Password_ctl00MainConten'

2019-04-17 16:44:59 - [MESSAGE][PASSED] - Text 'P@ssword1' is set on object 'Object Repository/Page_BMJ OnExamination Sign In/input_Password_ctl00MainConten'

2019-04-17 16:44:59 - [TEST_STEP][PASSED] - click(findTestObject("Page_BMJ OnExamination Sign In/input_Please enter your passwo")): Object: 'Object Repository/Page_BMJ OnExamination Sign In/input_Please enter your passwo' is clicked on

2019-04-17 16:45:02 - [MESSAGE][PASSED] - Object: 'Object Repository/Page_BMJ OnExamination Sign In/input_Please enter your passwo' is clicked on

2019-04-17 16:45:02 - [TEST_STEP][PASSED] - delay(5): Delayed 5 second(s)

2019-04-17 16:45:07 - [MESSAGE][PASSED] - Delayed 5 second(s)

2019-04-17 16:45:07 - [TEST_STEP][NOT_RUN] - click(findTestObject("Page_My Dashboard - BMJ OnExaminati/Page_My Profile - BMJ OnExamination/a_Exam Revision")): NOT_RUN: click(findTestObject("Page_My Dashboard - BMJ OnExaminati/Page_My Profile - BMJ OnExamination/a_Exam Revision"))

2019-04-17 16:45:07 - [MESSAGE][NOT_RUN] - NOT_RUN: click(findTestObject("Page_My Dashboard - BMJ OnExaminati/Page_My Profile - BMJ OnExamination/a_Exam Revision"))

2019-04-17 16:45:07 - [TEST_STEP][NOT_RUN] - click(findTestObject("Page_Exam Revision - BMJ OnExaminat/a_Choose Questions")): NOT_RUN: click(findTestObject("Page_Exam Revision - BMJ OnExaminat/a_Choose Questions"))

2019-04-17 16:45:07 - [MESSAGE][NOT_RUN] - NOT_RUN: click(findTestObject("Page_Exam Revision - BMJ OnExaminat/a_Choose Questions"))

2019-04-17 16:45:07 - [TEST_STEP][NOT_RUN] - navigateToUrl("https://testmy.onexamination.com/Account/Default.aspx"): NOT_RUN: navigateToUrl("https://testmy.onexamination.com/Account/Default.aspx")

2019-04-17 16:45:07 - [MESSAGE][NOT_RUN] - NOT_RUN: navigateToUrl("https://testmy.onexamination.com/Account/Default.aspx")

2019-04-17 16:45:07 - [TEST_STEP][PASSED] - verifyElementPresent(findTestObject("Page_My Dashboard - BMJ OnExaminati/select_Active revision course_"), 0): Object 'Object Repository/Page_My Dashboard - BMJ OnExaminati/select_Active revision course_' is present

2019-04-17 16:45:07 - [MESSAGE][WARNING] - Timeout '0' is invalid. Using default page load timeout: '30'

2019-04-17 16:45:07 - [MESSAGE][PASSED] - Object 'Object Repository/Page_My Dashboard - BMJ OnExaminati/select_Active revision course_' is present

2019-04-17 16:45:07 - [TEST_STEP][PASSED] - selectOptionByLabel(findTestObject("Page_My Dashboard - BMJ OnExaminati/select_Active revision course_"), "UKCAT", false): All options with label 'UKCAT' are selected in object 'Object Repository/Page_My Dashboard - BMJ OnExaminati/select_Active revision course_' 

2019-04-17 16:45:07 - [MESSAGE][PASSED] - All options with label 'UKCAT' are selected in object 'Object Repository/Page_My Dashboard - BMJ OnExaminati/select_Active revision course_' 

2019-04-17 16:45:07 - [TEST_STEP][PASSED] - verifyOptionSelectedByLabel(findTestObject("Page_My Dashboard - BMJ OnExaminati/select_Active revision course_"), "UKCAT", false, 20): All options with label 'UKCAT' are selected in object 'Object Repository/Page_My Dashboard - BMJ OnExaminati/select_Active revision course_' 

2019-04-17 16:45:08 - [MESSAGE][PASSED] - All options with label 'UKCAT' are selected in object 'Object Repository/Page_My Dashboard - BMJ OnExaminati/select_Active revision course_' 

2019-04-17 16:45:08 - [TEST_STEP][PASSED] - delay(5): Delayed 5 second(s)

2019-04-17 16:45:13 - [MESSAGE][PASSED] - Delayed 5 second(s)

2019-04-17 16:45:13 - [TEST_STEP][PASSED] - click(findTestObject("Page_My Dashboard - BMJ OnExaminati/a_Home")): Object: 'Object Repository/Page_My Dashboard - BMJ OnExaminati/a_Home' is clicked on

2019-04-17 16:45:15 - [MESSAGE][PASSED] - Object: 'Object Repository/Page_My Dashboard - BMJ OnExaminati/a_Home' is clicked on

2019-04-17 16:45:15 - [TEST_STEP][PASSED] - click(findTestObject("Page_My Dashboard - BMJ OnExaminati/a_Choose Questions")): Object: 'Object Repository/Page_My Dashboard - BMJ OnExaminati/a_Choose Questions' is clicked on

2019-04-17 16:45:17 - [MESSAGE][PASSED] - Object: 'Object Repository/Page_My Dashboard - BMJ OnExaminati/a_Choose Questions' is clicked on

2019-04-17 16:45:17 - [TEST_STEP][PASSED] - delay(5): Delayed 5 second(s)

2019-04-17 16:45:22 - [MESSAGE][PASSED] - Delayed 5 second(s)

2019-04-17 16:45:22 - [TEST_STEP][PASSED] - click(findTestObject("Page_BMJ OnExamination Choose Generate/input_I have got wrong before_")): Object: 'Object Repository/Page_BMJ OnExamination Choose Generate/input_I have got wrong before_' is clicked on

2019-04-17 16:45:22 - [MESSAGE][PASSED] - Object: 'Object Repository/Page_BMJ OnExamination Choose Generate/input_I have got wrong before_' is clicked on

2019-04-17 16:45:22 - [TEST_STEP][PASSED] - delay(5): Delayed 5 second(s)

2019-04-17 16:45:27 - [MESSAGE][PASSED] - Delayed 5 second(s)

2019-04-17 16:45:27 - [TEST_STEP][PASSED] - click(findTestObject("Page_BMJ OnExamination Choose Generate/input_All curricula_qCat")): Object: 'Object Repository/Page_BMJ OnExamination Choose Generate/input_All curricula_qCat' is clicked on

2019-04-17 16:45:28 - [MESSAGE][PASSED] - Object: 'Object Repository/Page_BMJ OnExamination Choose Generate/input_All curricula_qCat' is clicked on

2019-04-17 16:45:28 - [TEST_STEP][PASSED] - delay(5): Delayed 5 second(s)

2019-04-17 16:45:33 - [MESSAGE][PASSED] - Delayed 5 second(s)

2019-04-17 16:45:33 - [TEST_STEP][PASSED] - click(findTestObject("Page_BMJ OnExamination Choose Generate/input_Abstract Reasoning_Categ")): Object: 'Object Repository/Page_BMJ OnExamination Choose Generate/input_Abstract Reasoning_Categ' is clicked on

2019-04-17 16:45:33 - [MESSAGE][PASSED] - Object: 'Object Repository/Page_BMJ OnExamination Choose Generate/input_Abstract Reasoning_Categ' is clicked on

2019-04-17 16:45:33 - [TEST_STEP][PASSED] - click(findTestObject("Page_BMJ OnExamination Choose Generate/input_All_coreAdvanceOption")): Object: 'Object Repository/Page_BMJ OnExamination Choose Generate/input_All_coreAdvanceOption' is clicked on

2019-04-17 16:45:33 - [MESSAGE][PASSED] - Object: 'Object Repository/Page_BMJ OnExamination Choose Generate/input_All_coreAdvanceOption' is clicked on

2019-04-17 16:45:33 - [TEST_STEP][PASSED] - click(findTestObject("Page_BMJ OnExamination Choose Generate/input_No tags_qTag")): Object: 'Object Repository/Page_BMJ OnExamination Choose Generate/input_No tags_qTag' is clicked on

2019-04-17 16:45:34 - [MESSAGE][PASSED] - Object: 'Object Repository/Page_BMJ OnExamination Choose Generate/input_No tags_qTag' is clicked on

2019-04-17 16:45:34 - [TEST_STEP][PASSED] - delay(2): Delayed 2 second(s)

2019-04-17 16:45:36 - [MESSAGE][PASSED] - Delayed 2 second(s)

2019-04-17 16:45:36 - [TEST_STEP][NOT_RUN] - click(findTestObject("Page_BMJ OnExamination Choose Generate/Page_BMJ OnExamination Generate Wor/input_QR6_qTag6")): NOT_RUN: click(findTestObject("Page_BMJ OnExamination Choose Generate/Page_BMJ OnExamination Generate Wor/input_QR6_qTag6"))

2019-04-17 16:45:36 - [MESSAGE][NOT_RUN] - NOT_RUN: click(findTestObject("Page_BMJ OnExamination Choose Generate/Page_BMJ OnExamination Generate Wor/input_QR6_qTag6"))

2019-04-17 16:45:36 - [TEST_STEP][NOT_RUN] - click(findTestObject("Page_BMJ OnExamination Choose Generate/Page_BMJ OnExamination Generate Wor/input_DA1_qTag7")): NOT_RUN: click(findTestObject("Page_BMJ OnExamination Choose Generate/Page_BMJ OnExamination Generate Wor/input_DA1_qTag7"))

2019-04-17 16:45:36 - [MESSAGE][NOT_RUN] - NOT_RUN: click(findTestObject("Page_BMJ OnExamination Choose Generate/Page_BMJ OnExamination Generate Wor/input_DA1_qTag7"))

2019-04-17 16:45:36 - [TEST_STEP][PASSED] - click(findTestObject("Page_BMJ OnExamination Choose Generate/Page_BMJ OnExamination Generate Wor/input_DA3_qTag8")): Object: 'Object Repository/Page_BMJ OnExamination Choose Generate/Page_BMJ OnExamination Generate Wor/input_DA3_qTag8' is clicked on

2019-04-17 16:45:36 - [MESSAGE][PASSED] - Object: 'Object Repository/Page_BMJ OnExamination Choose Generate/Page_BMJ OnExamination Generate Wor/input_DA3_qTag8' is clicked on

2019-04-17 16:45:36 - [TEST_STEP][NOT_RUN] - click(findTestObject("Page_BMJ OnExamination Choose Generate/Page_BMJ OnExamination Generate Wor/input_DA2_qTag9")): NOT_RUN: click(findTestObject("Page_BMJ OnExamination Choose Generate/Page_BMJ OnExamination Generate Wor/input_DA2_qTag9"))

2019-04-17 16:45:36 - [MESSAGE][NOT_RUN] - NOT_RUN: click(findTestObject("Page_BMJ OnExamination Choose Generate/Page_BMJ OnExamination Generate Wor/input_DA2_qTag9"))

2019-04-17 16:45:36 - [TEST_STEP][NOT_RUN] - click(findTestObject("Page_BMJ OnExamination Choose Generate/Page_BMJ OnExamination Generate Wor/input_DA5_qTag10")): NOT_RUN: click(findTestObject("Page_BMJ OnExamination Choose Generate/Page_BMJ OnExamination Generate Wor/input_DA5_qTag10"))

2019-04-17 16:45:36 - [MESSAGE][NOT_RUN] - NOT_RUN: click(findTestObject("Page_BMJ OnExamination Choose Generate/Page_BMJ OnExamination Generate Wor/input_DA5_qTag10"))

2019-04-17 16:45:36 - [TEST_STEP][NOT_RUN] - click(findTestObject("Page_BMJ OnExamination Choose Generate/Page_BMJ OnExamination Generate Wor/input_DA6_qTag11")): NOT_RUN: click(findTestObject("Page_BMJ OnExamination Choose Generate/Page_BMJ OnExamination Generate Wor/input_DA6_qTag11"))

2019-04-17 16:45:36 - [MESSAGE][NOT_RUN] - NOT_RUN: click(findTestObject("Page_BMJ OnExamination Choose Generate/Page_BMJ OnExamination Generate Wor/input_DA6_qTag11"))

2019-04-17 16:45:36 - [TEST_STEP][PASSED] - delay(2): Delayed 2 second(s)

2019-04-17 16:45:38 - [MESSAGE][PASSED] - Delayed 2 second(s)

2019-04-17 16:45:38 - [TEST_STEP][PASSED] - Count = getNumberOfTotalOption(findTestObject("Page_BMJ OnExamination Choose Generate/select_10 questions20 question")): 1 options of object 'Object Repository/Page_BMJ OnExamination Choose Generate/select_10 questions20 question' counted

2019-04-17 16:45:38 - [MESSAGE][PASSED] - 1 options of object 'Object Repository/Page_BMJ OnExamination Choose Generate/select_10 questions20 question' counted

2019-04-17 16:45:38 - [TEST_STEP][PASSED] - verifyEqual(Count, 1): Actual object '1' and expected object '1' are equal

2019-04-17 16:45:38 - [MESSAGE][PASSED] - Actual object '1' and expected object '1' are equal

2019-04-17 16:45:38 - [TEST_STEP][PASSED] - verifyOptionsPresent(findTestObject("Page_BMJ OnExamination Choose Generate/select_10 questions20 question"), ["1 question"]): Options [1 question] present.

2019-04-17 16:45:39 - [MESSAGE][PASSED] - Options [1 question] present.

2019-04-17 16:45:39 - [TEST_STEP][PASSED] - scrollToPosition(0, 0): Browser is scrolled to position x = 0, y = 0

2019-04-17 16:45:39 - [MESSAGE][PASSED] - Browser is scrolled to position x = 0, y = 0

2019-04-17 16:45:39 - [TEST_STEP][PASSED] - verifyTextPresent("Keywords: None", false): Text 'Keywords: None' is present on page 

2019-04-17 16:45:40 - [MESSAGE][PASSED] - Text 'Keywords: None' is present on page 

2019-04-17 16:45:40 - [TEST_STEP][PASSED] - verifyTextPresent("No of Questions: 1", false): Text 'No of Questions: 1' is present on page 

2019-04-17 16:45:41 - [MESSAGE][PASSED] - Text 'No of Questions: 1' is present on page 

2019-04-17 16:45:41 - [TEST_STEP][PASSED] - verifyTextPresent("Curricula: Decision Analysis", false): Text 'Curricula: Decision Analysis' is present on page 

2019-04-17 16:45:42 - [MESSAGE][PASSED] - Text 'Curricula: Decision Analysis' is present on page 

2019-04-17 16:45:42 - [TEST_STEP][PASSED] - click(findTestObject("Page_BMJ OnExamination Choose Generate/button_Generate test")): Object: 'Object Repository/Page_BMJ OnExamination Choose Generate/button_Generate test' is clicked on

2019-04-17 16:45:42 - [MESSAGE][PASSED] - Object: 'Object Repository/Page_BMJ OnExamination Choose Generate/button_Generate test' is clicked on

2019-04-17 16:45:42 - [TEST_STEP][PASSED] - delay(10): Delayed 10 second(s)

2019-04-17 16:45:52 - [MESSAGE][PASSED] - Delayed 10 second(s)

2019-04-17 16:45:52 - [TEST_STEP][PASSED] - verifyTextPresent("Question Session", false): Text 'Question Session' is present on page 

2019-04-17 16:45:53 - [MESSAGE][PASSED] - Text 'Question Session' is present on page 

2019-04-17 16:45:53 - [TEST_STEP][PASSED] - click(findTestObject("Page_BMJ OnExamination Assessment Session/Tags Section")): Object: 'Object Repository/Page_BMJ OnExamination Assessment Session/Tags Section' is clicked on

2019-04-17 16:45:53 - [MESSAGE][PASSED] - Object: 'Object Repository/Page_BMJ OnExamination Assessment Session/Tags Section' is clicked on

2019-04-17 16:45:53 - [TEST_STEP][PASSED] - verifyTextPresent("I wish I was like those who are not afraid and love to travel alone on ships", false): Text 'I wish I was like those who are not afraid and love to travel alone on ships' is present on page 

2019-04-17 16:45:54 - [MESSAGE][PASSED] - Text 'I wish I was like those who are not afraid and love to travel alone on ships' is present on page 

2019-04-17 16:45:54 - [TEST_STEP][PASSED] - scrollToPosition(9999999, 9999999): Browser is scrolled to position x = 9999999, y = 9999999

2019-04-17 16:45:54 - [MESSAGE][PASSED] - Browser is scrolled to position x = 9999999, y = 9999999

2019-04-17 16:45:54 - [TEST_STEP][PASSED] - check(findTestObject("Page_BMJ OnExamination Assessment Session/DA2 RB")): Object 'Object Repository/Page_BMJ OnExamination Assessment Session/DA2 RB' is checked

2019-04-17 16:45:55 - [MESSAGE][PASSED] - Object 'Object Repository/Page_BMJ OnExamination Assessment Session/DA2 RB' is checked

2019-04-17 16:45:55 - [TEST_STEP][PASSED] - click(findTestObject("Page_BMJ OnExamination Assessment Session/SubmitAnswer")): Object: 'Object Repository/Page_BMJ OnExamination Assessment Session/SubmitAnswer' is clicked on

2019-04-17 16:45:57 - [MESSAGE][PASSED] - Object: 'Object Repository/Page_BMJ OnExamination Assessment Session/SubmitAnswer' is clicked on

2019-04-17 16:45:57 - [TEST_STEP][PASSED] - delay(5): Delayed 5 second(s)

2019-04-17 16:46:02 - [MESSAGE][PASSED] - Delayed 5 second(s)

2019-04-17 16:46:02 - [TEST_STEP][PASSED] - scrollToPosition(9999999, 9999999): Browser is scrolled to position x = 9999999, y = 9999999

2019-04-17 16:46:02 - [MESSAGE][PASSED] - Browser is scrolled to position x = 9999999, y = 9999999

2019-04-17 16:46:02 - [TEST_STEP][NOT_RUN] - verifyElementPresent(findTestObject("Page_BMJ OnExamination Assessment Session/Correct Icon"), 0): NOT_RUN: verifyElementPresent(findTestObject("Page_BMJ OnExamination Assessment Session/Correct Icon"), 0)

2019-04-17 16:46:02 - [MESSAGE][NOT_RUN] - NOT_RUN: verifyElementPresent(findTestObject("Page_BMJ OnExamination Assessment Session/Correct Icon"), 0)

2019-04-17 16:46:02 - [TEST_STEP][PASSED] - click(findTestObject("Page_BMJ OnExamination Assessment Session/GoToSummary")): Object: 'Object Repository/Page_BMJ OnExamination Assessment Session/GoToSummary' is clicked on

2019-04-17 16:46:08 - [MESSAGE][PASSED] - Object: 'Object Repository/Page_BMJ OnExamination Assessment Session/GoToSummary' is clicked on

2019-04-17 16:46:08 - [TEST_STEP][PASSED] - delay(5): Delayed 5 second(s)

2019-04-17 16:46:13 - [MESSAGE][PASSED] - Delayed 5 second(s)

2019-04-17 16:46:13 - [TEST_STEP][PASSED] - verifyTextPresent("Test summary", false): Text 'Test summary' is present on page 

2019-04-17 16:46:13 - [MESSAGE][PASSED] - Text 'Test summary' is present on page 

2019-04-17 16:46:13 - [TEST_STEP][PASSED] - navigateToUrl("https://testmy.onexamination.com/Review/ScoreAnalysis.aspx"): Navigate to 'https://testmy.onexamination.com/Review/ScoreAnalysis.aspx' successfully

2019-04-17 16:46:18 - [MESSAGE][PASSED] - Navigate to 'https://testmy.onexamination.com/Review/ScoreAnalysis.aspx' successfully

2019-04-17 16:46:18 - [TEST_STEP][PASSED] - verifyElementText(findTestObject("Page_Score Analysis - BMJ OnExamina/QuestionsTotal"), "185"): Actual text and expected text of test object 'Object Repository/Page_Score Analysis - BMJ OnExamina/QuestionsTotal' are matched.

2019-04-17 16:46:18 - [MESSAGE][PASSED] - Actual text and expected text of test object 'Object Repository/Page_Score Analysis - BMJ OnExamina/QuestionsTotal' are matched.

2019-04-17 16:46:18 - [TEST_STEP][PASSED] - verifyElementText(findTestObject("Page_Score Analysis - BMJ OnExamina/Mean score"), "62.2"): Actual text and expected text of test object 'Object Repository/Page_Score Analysis - BMJ OnExamina/Mean score' are matched.

2019-04-17 16:46:18 - [MESSAGE][PASSED] - Actual text and expected text of test object 'Object Repository/Page_Score Analysis - BMJ OnExamina/Mean score' are matched.

2019-04-17 16:46:18 - [TEST_STEP][PASSED] - verifyElementText(findTestObject("Page_Score Analysis - BMJ OnExamina/Current mean"), "100"): Actual text and expected text of test object 'Object Repository/Page_Score Analysis - BMJ OnExamina/Current mean' are matched.

2019-04-17 16:46:19 - [MESSAGE][PASSED] - Actual text and expected text of test object 'Object Repository/Page_Score Analysis - BMJ OnExamina/Current mean' are matched.

2019-04-17 16:46:19 - [TEST_STEP][PASSED] - verifyElementText(findTestObject("Page_Score Analysis - BMJ OnExamina/Naive mean"), "100"): Actual text and expected text of test object 'Object Repository/Page_Score Analysis - BMJ OnExamina/Naive mean' are matched.

2019-04-17 16:46:19 - [MESSAGE][PASSED] - Actual text and expected text of test object 'Object Repository/Page_Score Analysis - BMJ OnExamina/Naive mean' are matched.

2019-04-17 16:46:19 - [TEST_STEP][PASSED] - verifyElementText(findTestObject("Page_Score Analysis - BMJ OnExamina/QuestionsAnswered"), "1"): Actual text and expected text of test object 'Object Repository/Page_Score Analysis - BMJ OnExamina/QuestionsAnswered' are matched.

2019-04-17 16:46:19 - [MESSAGE][PASSED] - Actual text and expected text of test object 'Object Repository/Page_Score Analysis - BMJ OnExamina/QuestionsAnswered' are matched.]]></system-out>
         <system-err><![CDATA[]]></system-err>
      </testcase>
      <testcase name="Test Cases/Question Session - DA3" classname="Test Cases/Question Session - DA3" status="PASSED">
         <system-out><![CDATA[2019-04-17 16:46:21 - [TEST_CASE][PASSED] - Test Cases/Question Session - DA3: Test Cases/Question Session - DA3

2019-04-17 16:46:22 - [TEST_STEP][PASSED] - openBrowser("https://testmy.onexamination.com/login.aspx"): Browser is opened with url: 'https://testmy.onexamination.com/login.aspx'

2019-04-17 16:46:22 - [MESSAGE][WARNING] - A browser is already opened. Closing browser and opening a new one

2019-04-17 16:46:23 - [MESSAGE][INFO] - Starting 'Chrome' driver

2019-04-17 16:46:49 - [MESSAGE][PASSED] - Browser is opened with url: 'https://testmy.onexamination.com/login.aspx'

2019-04-17 16:46:49 - [TEST_STEP][PASSED] - maximizeWindow(): Current window maximized

2019-04-17 16:46:51 - [MESSAGE][PASSED] - Current window maximized

2019-04-17 16:46:51 - [TEST_STEP][PASSED] - Height = getPageHeight(): Current page's height is 922

2019-04-17 16:46:51 - [MESSAGE][PASSED] - Current page's height is 922

2019-04-17 16:46:51 - [TEST_STEP][PASSED] - Width = getPageWidth(): Current page's width is 1349

2019-04-17 16:46:51 - [MESSAGE][PASSED] - Current page's width is 1349

2019-04-17 16:46:51 - [TEST_STEP][PASSED] - setText(findTestObject("Page_BMJ OnExamination Sign In/input_Email address_ctl00MainC"), "testautomation@gmail.com"): Text 'testautomation@gmail.com' is set on object 'Object Repository/Page_BMJ OnExamination Sign In/input_Email address_ctl00MainC'

2019-04-17 16:46:52 - [MESSAGE][PASSED] - Text 'testautomation@gmail.com' is set on object 'Object Repository/Page_BMJ OnExamination Sign In/input_Email address_ctl00MainC'

2019-04-17 16:46:52 - [TEST_STEP][PASSED] - setText(findTestObject("Page_BMJ OnExamination Sign In/input_Password_ctl00MainConten"), "P@ssword1"): Text 'P@ssword1' is set on object 'Object Repository/Page_BMJ OnExamination Sign In/input_Password_ctl00MainConten'

2019-04-17 16:46:52 - [MESSAGE][PASSED] - Text 'P@ssword1' is set on object 'Object Repository/Page_BMJ OnExamination Sign In/input_Password_ctl00MainConten'

2019-04-17 16:46:52 - [TEST_STEP][PASSED] - click(findTestObject("Page_BMJ OnExamination Sign In/input_Please enter your passwo")): Object: 'Object Repository/Page_BMJ OnExamination Sign In/input_Please enter your passwo' is clicked on

2019-04-17 16:46:54 - [MESSAGE][PASSED] - Object: 'Object Repository/Page_BMJ OnExamination Sign In/input_Please enter your passwo' is clicked on

2019-04-17 16:46:54 - [TEST_STEP][PASSED] - delay(5): Delayed 5 second(s)

2019-04-17 16:46:59 - [MESSAGE][PASSED] - Delayed 5 second(s)

2019-04-17 16:46:59 - [TEST_STEP][NOT_RUN] - click(findTestObject("Page_My Dashboard - BMJ OnExaminati/Page_My Profile - BMJ OnExamination/a_Exam Revision")): NOT_RUN: click(findTestObject("Page_My Dashboard - BMJ OnExaminati/Page_My Profile - BMJ OnExamination/a_Exam Revision"))

2019-04-17 16:46:59 - [MESSAGE][NOT_RUN] - NOT_RUN: click(findTestObject("Page_My Dashboard - BMJ OnExaminati/Page_My Profile - BMJ OnExamination/a_Exam Revision"))

2019-04-17 16:46:59 - [TEST_STEP][NOT_RUN] - click(findTestObject("Page_Exam Revision - BMJ OnExaminat/a_Choose Questions")): NOT_RUN: click(findTestObject("Page_Exam Revision - BMJ OnExaminat/a_Choose Questions"))

2019-04-17 16:46:59 - [MESSAGE][NOT_RUN] - NOT_RUN: click(findTestObject("Page_Exam Revision - BMJ OnExaminat/a_Choose Questions"))

2019-04-17 16:46:59 - [TEST_STEP][NOT_RUN] - navigateToUrl("https://testmy.onexamination.com/Account/Default.aspx"): NOT_RUN: navigateToUrl("https://testmy.onexamination.com/Account/Default.aspx")

2019-04-17 16:46:59 - [MESSAGE][NOT_RUN] - NOT_RUN: navigateToUrl("https://testmy.onexamination.com/Account/Default.aspx")

2019-04-17 16:46:59 - [TEST_STEP][PASSED] - verifyElementPresent(findTestObject("Page_My Dashboard - BMJ OnExaminati/select_Active revision course_"), 0): Object 'Object Repository/Page_My Dashboard - BMJ OnExaminati/select_Active revision course_' is present

2019-04-17 16:46:59 - [MESSAGE][WARNING] - Timeout '0' is invalid. Using default page load timeout: '30'

2019-04-17 16:46:59 - [MESSAGE][PASSED] - Object 'Object Repository/Page_My Dashboard - BMJ OnExaminati/select_Active revision course_' is present

2019-04-17 16:46:59 - [TEST_STEP][PASSED] - selectOptionByLabel(findTestObject("Page_My Dashboard - BMJ OnExaminati/select_Active revision course_"), "UKCAT", false): All options with label 'UKCAT' are selected in object 'Object Repository/Page_My Dashboard - BMJ OnExaminati/select_Active revision course_' 

2019-04-17 16:46:59 - [MESSAGE][PASSED] - All options with label 'UKCAT' are selected in object 'Object Repository/Page_My Dashboard - BMJ OnExaminati/select_Active revision course_' 

2019-04-17 16:46:59 - [TEST_STEP][PASSED] - verifyOptionSelectedByLabel(findTestObject("Page_My Dashboard - BMJ OnExaminati/select_Active revision course_"), "UKCAT", false, 20): All options with label 'UKCAT' are selected in object 'Object Repository/Page_My Dashboard - BMJ OnExaminati/select_Active revision course_' 

2019-04-17 16:47:01 - [MESSAGE][PASSED] - All options with label 'UKCAT' are selected in object 'Object Repository/Page_My Dashboard - BMJ OnExaminati/select_Active revision course_' 

2019-04-17 16:47:01 - [TEST_STEP][PASSED] - delay(5): Delayed 5 second(s)

2019-04-17 16:47:06 - [MESSAGE][PASSED] - Delayed 5 second(s)

2019-04-17 16:47:06 - [TEST_STEP][PASSED] - click(findTestObject("Page_My Dashboard - BMJ OnExaminati/a_Home")): Object: 'Object Repository/Page_My Dashboard - BMJ OnExaminati/a_Home' is clicked on

2019-04-17 16:47:07 - [MESSAGE][PASSED] - Object: 'Object Repository/Page_My Dashboard - BMJ OnExaminati/a_Home' is clicked on

2019-04-17 16:47:07 - [TEST_STEP][PASSED] - click(findTestObject("Page_My Dashboard - BMJ OnExaminati/a_Choose Questions")): Object: 'Object Repository/Page_My Dashboard - BMJ OnExaminati/a_Choose Questions' is clicked on

2019-04-17 16:47:09 - [MESSAGE][PASSED] - Object: 'Object Repository/Page_My Dashboard - BMJ OnExaminati/a_Choose Questions' is clicked on

2019-04-17 16:47:09 - [TEST_STEP][PASSED] - delay(5): Delayed 5 second(s)

2019-04-17 16:47:14 - [MESSAGE][PASSED] - Delayed 5 second(s)

2019-04-17 16:47:14 - [TEST_STEP][PASSED] - click(findTestObject("Page_BMJ OnExamination Choose Generate/input_I have got wrong before_")): Object: 'Object Repository/Page_BMJ OnExamination Choose Generate/input_I have got wrong before_' is clicked on

2019-04-17 16:47:14 - [MESSAGE][PASSED] - Object: 'Object Repository/Page_BMJ OnExamination Choose Generate/input_I have got wrong before_' is clicked on

2019-04-17 16:47:14 - [TEST_STEP][PASSED] - delay(5): Delayed 5 second(s)

2019-04-17 16:47:19 - [MESSAGE][PASSED] - Delayed 5 second(s)

2019-04-17 16:47:19 - [TEST_STEP][PASSED] - click(findTestObject("Page_BMJ OnExamination Choose Generate/input_All curricula_qCat")): Object: 'Object Repository/Page_BMJ OnExamination Choose Generate/input_All curricula_qCat' is clicked on

2019-04-17 16:47:20 - [MESSAGE][PASSED] - Object: 'Object Repository/Page_BMJ OnExamination Choose Generate/input_All curricula_qCat' is clicked on

2019-04-17 16:47:20 - [TEST_STEP][PASSED] - delay(5): Delayed 5 second(s)

2019-04-17 16:47:25 - [MESSAGE][PASSED] - Delayed 5 second(s)

2019-04-17 16:47:25 - [TEST_STEP][PASSED] - click(findTestObject("Page_BMJ OnExamination Choose Generate/input_Abstract Reasoning_Categ")): Object: 'Object Repository/Page_BMJ OnExamination Choose Generate/input_Abstract Reasoning_Categ' is clicked on

2019-04-17 16:47:25 - [MESSAGE][PASSED] - Object: 'Object Repository/Page_BMJ OnExamination Choose Generate/input_Abstract Reasoning_Categ' is clicked on

2019-04-17 16:47:25 - [TEST_STEP][PASSED] - click(findTestObject("Page_BMJ OnExamination Choose Generate/input_All_coreAdvanceOption")): Object: 'Object Repository/Page_BMJ OnExamination Choose Generate/input_All_coreAdvanceOption' is clicked on

2019-04-17 16:47:25 - [MESSAGE][PASSED] - Object: 'Object Repository/Page_BMJ OnExamination Choose Generate/input_All_coreAdvanceOption' is clicked on

2019-04-17 16:47:25 - [TEST_STEP][PASSED] - click(findTestObject("Page_BMJ OnExamination Choose Generate/input_No tags_qTag")): Object: 'Object Repository/Page_BMJ OnExamination Choose Generate/input_No tags_qTag' is clicked on

2019-04-17 16:47:26 - [MESSAGE][PASSED] - Object: 'Object Repository/Page_BMJ OnExamination Choose Generate/input_No tags_qTag' is clicked on

2019-04-17 16:47:26 - [TEST_STEP][PASSED] - delay(2): Delayed 2 second(s)

2019-04-17 16:47:28 - [MESSAGE][PASSED] - Delayed 2 second(s)

2019-04-17 16:47:28 - [TEST_STEP][NOT_RUN] - click(findTestObject("Page_BMJ OnExamination Choose Generate/Page_BMJ OnExamination Generate Wor/input_QR6_qTag6")): NOT_RUN: click(findTestObject("Page_BMJ OnExamination Choose Generate/Page_BMJ OnExamination Generate Wor/input_QR6_qTag6"))

2019-04-17 16:47:28 - [MESSAGE][NOT_RUN] - NOT_RUN: click(findTestObject("Page_BMJ OnExamination Choose Generate/Page_BMJ OnExamination Generate Wor/input_QR6_qTag6"))

2019-04-17 16:47:28 - [TEST_STEP][PASSED] - click(findTestObject("Page_BMJ OnExamination Choose Generate/Page_BMJ OnExamination Generate Wor/input_DA1_qTag7")): Object: 'Object Repository/Page_BMJ OnExamination Choose Generate/Page_BMJ OnExamination Generate Wor/input_DA1_qTag7' is clicked on

2019-04-17 16:47:28 - [MESSAGE][PASSED] - Object: 'Object Repository/Page_BMJ OnExamination Choose Generate/Page_BMJ OnExamination Generate Wor/input_DA1_qTag7' is clicked on

2019-04-17 16:47:28 - [TEST_STEP][NOT_RUN] - click(findTestObject("Page_BMJ OnExamination Choose Generate/Page_BMJ OnExamination Generate Wor/input_DA3_qTag8")): NOT_RUN: click(findTestObject("Page_BMJ OnExamination Choose Generate/Page_BMJ OnExamination Generate Wor/input_DA3_qTag8"))

2019-04-17 16:47:28 - [MESSAGE][NOT_RUN] - NOT_RUN: click(findTestObject("Page_BMJ OnExamination Choose Generate/Page_BMJ OnExamination Generate Wor/input_DA3_qTag8"))

2019-04-17 16:47:28 - [TEST_STEP][NOT_RUN] - click(findTestObject("Page_BMJ OnExamination Choose Generate/Page_BMJ OnExamination Generate Wor/input_DA2_qTag9")): NOT_RUN: click(findTestObject("Page_BMJ OnExamination Choose Generate/Page_BMJ OnExamination Generate Wor/input_DA2_qTag9"))

2019-04-17 16:47:28 - [MESSAGE][NOT_RUN] - NOT_RUN: click(findTestObject("Page_BMJ OnExamination Choose Generate/Page_BMJ OnExamination Generate Wor/input_DA2_qTag9"))

2019-04-17 16:47:28 - [TEST_STEP][NOT_RUN] - click(findTestObject("Page_BMJ OnExamination Choose Generate/Page_BMJ OnExamination Generate Wor/input_DA5_qTag10")): NOT_RUN: click(findTestObject("Page_BMJ OnExamination Choose Generate/Page_BMJ OnExamination Generate Wor/input_DA5_qTag10"))

2019-04-17 16:47:28 - [MESSAGE][NOT_RUN] - NOT_RUN: click(findTestObject("Page_BMJ OnExamination Choose Generate/Page_BMJ OnExamination Generate Wor/input_DA5_qTag10"))

2019-04-17 16:47:28 - [TEST_STEP][NOT_RUN] - click(findTestObject("Page_BMJ OnExamination Choose Generate/Page_BMJ OnExamination Generate Wor/input_DA6_qTag11")): NOT_RUN: click(findTestObject("Page_BMJ OnExamination Choose Generate/Page_BMJ OnExamination Generate Wor/input_DA6_qTag11"))

2019-04-17 16:47:28 - [MESSAGE][NOT_RUN] - NOT_RUN: click(findTestObject("Page_BMJ OnExamination Choose Generate/Page_BMJ OnExamination Generate Wor/input_DA6_qTag11"))

2019-04-17 16:47:28 - [TEST_STEP][PASSED] - delay(2): Delayed 2 second(s)

2019-04-17 16:47:30 - [MESSAGE][PASSED] - Delayed 2 second(s)

2019-04-17 16:47:30 - [TEST_STEP][PASSED] - Count = getNumberOfTotalOption(findTestObject("Page_BMJ OnExamination Choose Generate/select_10 questions20 question")): 1 options of object 'Object Repository/Page_BMJ OnExamination Choose Generate/select_10 questions20 question' counted

2019-04-17 16:47:30 - [MESSAGE][PASSED] - 1 options of object 'Object Repository/Page_BMJ OnExamination Choose Generate/select_10 questions20 question' counted

2019-04-17 16:47:30 - [TEST_STEP][PASSED] - verifyEqual(Count, 1): Actual object '1' and expected object '1' are equal

2019-04-17 16:47:30 - [MESSAGE][PASSED] - Actual object '1' and expected object '1' are equal

2019-04-17 16:47:30 - [TEST_STEP][PASSED] - verifyOptionsPresent(findTestObject("Page_BMJ OnExamination Choose Generate/select_10 questions20 question"), ["1 question"]): Options [1 question] present.

2019-04-17 16:47:30 - [MESSAGE][PASSED] - Options [1 question] present.

2019-04-17 16:47:30 - [TEST_STEP][PASSED] - scrollToPosition(0, 0): Browser is scrolled to position x = 0, y = 0

2019-04-17 16:47:30 - [MESSAGE][PASSED] - Browser is scrolled to position x = 0, y = 0

2019-04-17 16:47:30 - [TEST_STEP][PASSED] - verifyTextPresent("Keywords: None", false): Text 'Keywords: None' is present on page 

2019-04-17 16:47:31 - [MESSAGE][PASSED] - Text 'Keywords: None' is present on page 

2019-04-17 16:47:31 - [TEST_STEP][PASSED] - verifyTextPresent("No of Questions: 1", false): Text 'No of Questions: 1' is present on page 

2019-04-17 16:47:32 - [MESSAGE][PASSED] - Text 'No of Questions: 1' is present on page 

2019-04-17 16:47:32 - [TEST_STEP][PASSED] - verifyTextPresent("Curricula: Decision Analysis", false): Text 'Curricula: Decision Analysis' is present on page 

2019-04-17 16:47:33 - [MESSAGE][PASSED] - Text 'Curricula: Decision Analysis' is present on page 

2019-04-17 16:47:33 - [TEST_STEP][PASSED] - click(findTestObject("Page_BMJ OnExamination Choose Generate/button_Generate test")): Object: 'Object Repository/Page_BMJ OnExamination Choose Generate/button_Generate test' is clicked on

2019-04-17 16:47:34 - [MESSAGE][PASSED] - Object: 'Object Repository/Page_BMJ OnExamination Choose Generate/button_Generate test' is clicked on

2019-04-17 16:47:34 - [TEST_STEP][PASSED] - delay(10): Delayed 10 second(s)

2019-04-17 16:47:44 - [MESSAGE][PASSED] - Delayed 10 second(s)

2019-04-17 16:47:44 - [TEST_STEP][PASSED] - verifyTextPresent("Question Session", false): Text 'Question Session' is present on page 

2019-04-17 16:47:45 - [MESSAGE][PASSED] - Text 'Question Session' is present on page 

2019-04-17 16:47:45 - [TEST_STEP][PASSED] - click(findTestObject("Page_BMJ OnExamination Assessment Session/Tags Section")): Object: 'Object Repository/Page_BMJ OnExamination Assessment Session/Tags Section' is clicked on

2019-04-17 16:47:45 - [MESSAGE][PASSED] - Object: 'Object Repository/Page_BMJ OnExamination Assessment Session/Tags Section' is clicked on

2019-04-17 16:47:45 - [TEST_STEP][PASSED] - verifyTextPresent("Robots follow the instructions given", false): Text 'Robots follow the instructions given' is present on page 

2019-04-17 16:47:46 - [MESSAGE][PASSED] - Text 'Robots follow the instructions given' is present on page 

2019-04-17 16:47:46 - [TEST_STEP][PASSED] - scrollToPosition(9999999, 9999999): Browser is scrolled to position x = 9999999, y = 9999999

2019-04-17 16:47:46 - [MESSAGE][PASSED] - Browser is scrolled to position x = 9999999, y = 9999999

2019-04-17 16:47:46 - [TEST_STEP][PASSED] - check(findTestObject("Page_BMJ OnExamination Assessment Session/DA3 RB")): Object 'Object Repository/Page_BMJ OnExamination Assessment Session/DA3 RB' is checked

2019-04-17 16:47:46 - [MESSAGE][PASSED] - Object 'Object Repository/Page_BMJ OnExamination Assessment Session/DA3 RB' is checked

2019-04-17 16:47:46 - [TEST_STEP][PASSED] - click(findTestObject("Page_BMJ OnExamination Assessment Session/SubmitAnswer")): Object: 'Object Repository/Page_BMJ OnExamination Assessment Session/SubmitAnswer' is clicked on

2019-04-17 16:47:48 - [MESSAGE][PASSED] - Object: 'Object Repository/Page_BMJ OnExamination Assessment Session/SubmitAnswer' is clicked on

2019-04-17 16:47:48 - [TEST_STEP][PASSED] - delay(5): Delayed 5 second(s)

2019-04-17 16:47:53 - [MESSAGE][PASSED] - Delayed 5 second(s)

2019-04-17 16:47:53 - [TEST_STEP][PASSED] - scrollToPosition(9999999, 9999999): Browser is scrolled to position x = 9999999, y = 9999999

2019-04-17 16:47:53 - [MESSAGE][PASSED] - Browser is scrolled to position x = 9999999, y = 9999999

2019-04-17 16:47:53 - [TEST_STEP][NOT_RUN] - verifyElementPresent(findTestObject("Page_BMJ OnExamination Assessment Session/Correct Icon"), 0): NOT_RUN: verifyElementPresent(findTestObject("Page_BMJ OnExamination Assessment Session/Correct Icon"), 0)

2019-04-17 16:47:53 - [MESSAGE][NOT_RUN] - NOT_RUN: verifyElementPresent(findTestObject("Page_BMJ OnExamination Assessment Session/Correct Icon"), 0)

2019-04-17 16:47:53 - [TEST_STEP][PASSED] - click(findTestObject("Page_BMJ OnExamination Assessment Session/GoToSummary")): Object: 'Object Repository/Page_BMJ OnExamination Assessment Session/GoToSummary' is clicked on

2019-04-17 16:47:56 - [MESSAGE][PASSED] - Object: 'Object Repository/Page_BMJ OnExamination Assessment Session/GoToSummary' is clicked on

2019-04-17 16:47:56 - [TEST_STEP][PASSED] - delay(5): Delayed 5 second(s)

2019-04-17 16:48:01 - [MESSAGE][PASSED] - Delayed 5 second(s)

2019-04-17 16:48:01 - [TEST_STEP][PASSED] - verifyTextPresent("Test summary", false): Text 'Test summary' is present on page 

2019-04-17 16:48:01 - [MESSAGE][PASSED] - Text 'Test summary' is present on page 

2019-04-17 16:48:01 - [TEST_STEP][PASSED] - navigateToUrl("https://testmy.onexamination.com/Review/ScoreAnalysis.aspx"): Navigate to 'https://testmy.onexamination.com/Review/ScoreAnalysis.aspx' successfully

2019-04-17 16:48:02 - [MESSAGE][PASSED] - Navigate to 'https://testmy.onexamination.com/Review/ScoreAnalysis.aspx' successfully

2019-04-17 16:48:02 - [TEST_STEP][PASSED] - verifyElementText(findTestObject("Page_Score Analysis - BMJ OnExamina/QuestionsTotal"), "185"): Actual text and expected text of test object 'Object Repository/Page_Score Analysis - BMJ OnExamina/QuestionsTotal' are matched.

2019-04-17 16:48:03 - [MESSAGE][PASSED] - Actual text and expected text of test object 'Object Repository/Page_Score Analysis - BMJ OnExamina/QuestionsTotal' are matched.

2019-04-17 16:48:03 - [TEST_STEP][PASSED] - verifyElementText(findTestObject("Page_Score Analysis - BMJ OnExamina/Mean score"), "62.2"): Actual text and expected text of test object 'Object Repository/Page_Score Analysis - BMJ OnExamina/Mean score' are matched.

2019-04-17 16:48:03 - [MESSAGE][PASSED] - Actual text and expected text of test object 'Object Repository/Page_Score Analysis - BMJ OnExamina/Mean score' are matched.

2019-04-17 16:48:03 - [TEST_STEP][PASSED] - verifyElementText(findTestObject("Page_Score Analysis - BMJ OnExamina/Current mean"), "50"): Actual text and expected text of test object 'Object Repository/Page_Score Analysis - BMJ OnExamina/Current mean' are matched.

2019-04-17 16:48:03 - [MESSAGE][PASSED] - Actual text and expected text of test object 'Object Repository/Page_Score Analysis - BMJ OnExamina/Current mean' are matched.

2019-04-17 16:48:03 - [TEST_STEP][PASSED] - verifyElementText(findTestObject("Page_Score Analysis - BMJ OnExamina/Naive mean"), "50"): Actual text and expected text of test object 'Object Repository/Page_Score Analysis - BMJ OnExamina/Naive mean' are matched.

2019-04-17 16:48:03 - [MESSAGE][PASSED] - Actual text and expected text of test object 'Object Repository/Page_Score Analysis - BMJ OnExamina/Naive mean' are matched.

2019-04-17 16:48:03 - [TEST_STEP][PASSED] - verifyElementText(findTestObject("Page_Score Analysis - BMJ OnExamina/QuestionsAnswered"), "2"): Actual text and expected text of test object 'Object Repository/Page_Score Analysis - BMJ OnExamina/QuestionsAnswered' are matched.

2019-04-17 16:48:03 - [MESSAGE][PASSED] - Actual text and expected text of test object 'Object Repository/Page_Score Analysis - BMJ OnExamina/QuestionsAnswered' are matched.]]></system-out>
         <system-err><![CDATA[]]></system-err>
      </testcase>
      <system-out><![CDATA[2019-04-17 16:43:33 - [TEST_SUITE][PASSED] - Score Computing: Test Cases/Question Session - DA3]]></system-out>
      <system-err><![CDATA[]]></system-err>
   </testsuite>
</testsuites>
